\BOOKMARK [0][]{ustcchapter.1.0}{\376\377\134\001\227\142}{}% 1
\BOOKMARK [0][]{ustcchapter.2.0}{\376\377\000T\000i\000t\000l\000e\000\040\000p\000a\000g\000e}{}% 2
\BOOKMARK [0][]{ustcchapter.3.0}{\376\377\123\237\122\033\140\047\124\214\143\210\147\103\117\177\165\050\130\360\146\016}{}% 3
\BOOKMARK [0][]{ustcchapter.4.0}{\376\377\144\130\211\201}{}% 4
\BOOKMARK [0][]{ustcchapter.5.0}{\376\377\000A\000b\000s\000t\000r\000a\000c\000t}{}% 5
\BOOKMARK [0][]{ustcchapter.6.0}{\376\377\166\356\137\125}{}% 6
\BOOKMARK [0][]{ustcchapter.7.0}{\376\377\173\046\123\367\213\364\146\016}{}% 7
\BOOKMARK [0][]{chapter.1}{\376\377\173\054\0001\172\340\000\040\176\352\213\272}{}% 8
\BOOKMARK [1][-]{section.1.1}{\376\377\0001\000.\0001\000\040\170\024\172\166\200\314\146\157}{chapter.1}% 9
\BOOKMARK [1][-]{section.1.2}{\376\377\0001\000.\0002\000\040\126\375\121\205\131\026\170\024\172\166\163\260\162\266}{chapter.1}% 10
\BOOKMARK [1][-]{section.1.3}{\376\377\0001\000.\0003\000\040\230\171\166\356\176\304\170\024\172\166\163\260\162\266}{chapter.1}% 11
\BOOKMARK [1][-]{section.1.4}{\376\377\0001\000.\0004\000\040\116\073\211\201\170\024\172\166\121\205\133\271}{chapter.1}% 12
\BOOKMARK [1][-]{section.1.5}{\376\377\0001\000.\0005\000\040\213\272\145\207\166\204\176\323\147\204\124\214\150\106\147\266}{chapter.1}% 13
\BOOKMARK [0][]{chapter.2}{\376\377\173\054\0002\172\340\000\040\166\370\121\163\164\006\213\272\116\016\142\200\147\057\122\006\147\220}{}% 14
\BOOKMARK [1][-]{section.2.1}{\376\377\0002\000.\0001\000\040\000B\000G\000P\123\117\213\256\173\200\116\313}{chapter.2}% 15
\BOOKMARK [2][-]{subsection.2.1.1}{\376\377\0002\000.\0001\000.\0001\000\040\000I\000B\000G\000P\116\016\000E\000B\000G\000P\166\204\123\072\122\053}{section.2.1}% 16
\BOOKMARK [2][-]{subsection.2.1.2}{\376\377\0002\000.\0001\000.\0002\000\040\000B\000G\000P\123\117\213\256\166\204\177\072\226\167\123\312\211\343\121\263\145\271\150\110}{section.2.1}% 17
\BOOKMARK [1][-]{section.2.2}{\376\377\0002\000.\0002\000\040\000B\000G\000P\133\210\142\244\217\333\172\013\153\324\217\203}{chapter.2}% 18
\BOOKMARK [1][-]{section.2.3}{\376\377\0002\000.\0003\000\040\145\366\136\217\145\160\143\156\136\223\220\011\127\213}{chapter.2}% 19
\BOOKMARK [1][-]{section.2.4}{\376\377\0002\000.\0004\000\040\215\357\165\061\221\307\226\306\145\271\137\017}{chapter.2}% 20
\BOOKMARK [1][-]{section.2.5}{\376\377\0002\000.\0005\000\040\232\330\123\357\165\050\133\236\163\260}{chapter.2}% 21
\BOOKMARK [0][]{chapter.3}{\376\377\173\054\0003\172\340\000\040\227\000\154\102\122\006\147\220}{}% 22
\BOOKMARK [1][-]{section.3.1}{\376\377\0003\000.\0001\000\040\123\206\123\362\215\357\165\061\147\345\213\342}{chapter.3}% 23
\BOOKMARK [1][-]{section.3.2}{\376\377\0003\000.\0002\000\040\165\037\116\247\177\121\215\357\165\061\142\052\126\376\147\345\213\342}{chapter.3}% 24
\BOOKMARK [1][-]{section.3.3}{\376\377\0003\000.\0003\000\040\215\357\165\061\133\211\210\305}{chapter.3}% 25
\BOOKMARK [1][-]{section.3.4}{\376\377\0003\000.\0004\000\040\215\357\165\061\221\307\226\306}{chapter.3}% 26
\BOOKMARK [1][-]{section.3.5}{\376\377\0003\000.\0005\000\040\215\357\165\061\232\214\213\301}{chapter.3}% 27
\BOOKMARK [1][-]{section.3.6}{\376\377\0003\000.\0006\000\040\215\357\165\061\232\214\213\301}{chapter.3}% 28
\BOOKMARK [1][-]{section.3.7}{\376\377\0003\000.\0007\000\040\122\250\140\001\155\373\122\240\000B\000G\000P\000\040\000p\000e\000e\000r}{chapter.3}% 29
\BOOKMARK [1][-]{section.3.8}{\376\377\0003\000.\0008\000\040\143\320\117\233\000R\000e\000s\000t\000f\000u\000l\000t\000\040\000A\000P\000I\214\003\165\050}{chapter.3}% 30
\BOOKMARK [2][-]{subsection.3.8.1}{\376\377\0003\000.\0008\000.\0001\000\040}{section.3.8}% 31
\BOOKMARK [0][]{chapter.4}{\376\377\173\054\0004\172\340\000\040\174\373\176\337\213\276\213\241}{}% 32
\BOOKMARK [1][-]{section.4.1}{\376\377\0004\000.\0001\000\040\174\373\176\337\147\266\147\204\126\376}{chapter.4}% 33
\BOOKMARK [0][]{chapter.5}{\376\377\173\054\0005\172\340\000\040\150\070\137\303\122\237\200\375\133\236\163\260\124\214\155\113\213\325}{}% 34
\BOOKMARK [1][-]{section.5.1}{\376\377\0005\000.\0001\000\040\155\113\213\325\163\257\130\203}{chapter.5}% 35
\BOOKMARK [2][-]{subsection.5.1.1}{\376\377\0005\000.\0001\000.\0001\000\040\000p\000h\000y\000l\000a\000b}{section.5.1}% 36
\BOOKMARK [2][-]{subsection.5.1.2}{\376\377\0005\000.\0001\000.\0002\000\040\000b\000y\000t\000e\000l\000a\000b}{section.5.1}% 37
\BOOKMARK [0][]{chapter.6}{\376\377\173\054\0006\172\340\000\040\140\073\176\323\116\016\134\125\147\033}{}% 38
\BOOKMARK [0][]{chapter.7}{\376\377\173\054\0007\172\340\000\040\173\200\116\313}{}% 39
\BOOKMARK [1][-]{section.7.1}{\376\377\0007\000.\0001\000\040\116\000\176\247\202\202\150\007\230\230}{chapter.7}% 40
\BOOKMARK [2][-]{subsection.7.1.1}{\376\377\0007\000.\0001\000.\0001\000\040\116\214\176\247\202\202\150\007\230\230}{section.7.1}% 41
\BOOKMARK [1][-]{section.7.2}{\376\377\0007\000.\0002\000\040\201\032\154\350}{chapter.7}% 42
\BOOKMARK [0][]{chapter.8}{\376\377\173\054\0008\172\340\000\040\155\156\122\250\117\123}{}% 43
\BOOKMARK [1][-]{section.8.1}{\376\377\0008\000.\0001\000\040\116\011\176\277\210\150}{chapter.8}% 44
\BOOKMARK [1][-]{section.8.2}{\376\377\0008\000.\0002\000\040\143\322\126\376}{chapter.8}% 45
\BOOKMARK [1][-]{section.8.3}{\376\377\0008\000.\0003\000\040\173\227\154\325\163\257\130\203}{chapter.8}% 46
\BOOKMARK [0][]{chapter.9}{\376\377\173\054\0009\172\340\000\040\145\160\133\146}{}% 47
\BOOKMARK [1][-]{section.9.1}{\376\377\0009\000.\0001\000\040\145\160\133\146\173\046\123\367}{chapter.9}% 48
\BOOKMARK [1][-]{section.9.2}{\376\377\0009\000.\0002\000\040\145\160\133\146\121\154\137\017}{chapter.9}% 49
\BOOKMARK [1][-]{section.9.3}{\376\377\0009\000.\0003\000\040\221\317\124\214\123\125\117\115}{chapter.9}% 50
\BOOKMARK [1][-]{section.9.4}{\376\377\0009\000.\0004\000\040\133\232\164\006\124\214\213\301\146\016}{chapter.9}% 51
\BOOKMARK [0][]{chapter.10}{\376\377\173\054\0001\0000\172\340\000\040\137\025\165\050\145\207\163\056\166\204\150\007\154\350}{}% 52
\BOOKMARK [1][-]{section.10.1}{\376\377\0001\0000\000.\0001\000\040\230\172\136\217\177\026\170\001\122\066}{chapter.10}% 53
\BOOKMARK [2][-]{subsection.10.1.1}{\376\377\0001\0000\000.\0001\000.\0001\000\040\211\322\150\007\145\160\133\127\150\007\154\350\154\325}{section.10.1}% 54
\BOOKMARK [2][-]{subsection.10.1.2}{\376\377\0001\0000\000.\0001\000.\0002\000\040\145\160\133\127\150\007\154\350\154\325}{section.10.1}% 55
\BOOKMARK [1][-]{section.10.2}{\376\377\0001\0000\000.\0002\000\040\204\127\200\005\000-\121\372\162\110\136\164\122\066\150\007\154\350\154\325}{chapter.10}% 56
\BOOKMARK [0][]{chapter*.16}{\376\377\123\302\200\003\145\207\163\056}{}% 57
\BOOKMARK [0][]{appendix.A}{\376\377\226\104\137\125\000\040\000A\000\040\210\145\121\105\147\120\145\231}{}% 58
\BOOKMARK [1][-]{section.A.1}{\376\377\000A\000.\0001\000\040\210\145\121\105\172\340\202\202}{appendix.A}% 59
\BOOKMARK [0][]{appendix*.17}{\376\377\201\364\214\042}{}% 60
\BOOKMARK [0][]{appendix*.18}{\376\377\127\050\213\373\147\037\225\364\123\321\210\150\166\204\133\146\147\057\213\272\145\207\116\016\123\326\137\227\166\204\170\024\172\166\142\020\147\234}{}% 61
